10:42:56.288 [main] INFO  TestCases.TC001_IdentifyCourses - -------Click the close button-------
10:42:58.729 [main] INFO  TestCases.TC001_IdentifyCourses - -------Scroll down the page-------
10:43:00.293 [main] INFO  TestCases.TC001_IdentifyCourses - -------Get all the levels present-------
10:43:07.997 [main] INFO  TestCases.TC001_IdentifyCourses - -------Click on homepage-------
10:43:08.493 [main] INFO  TestCases.TC001_IdentifyCourses - -------Scroll down to Coursera-------
10:43:29.438 [main] INFO  TestCases.TC001_IdentifyCourses - -------Click on Enterprise-------
10:43:32.359 [main] INFO  TestCases.TC001_IdentifyCourses - -------Click on Solutions-------
10:43:50.639 [main] INFO  TestCases.TC001_IdentifyCourses - -------Click on Coursera for Campus-------
10:43:52.107 [main] INFO  TestCases.TC001_IdentifyCourses - -------Scroll down to forms-------
10:43:53.222 [main] INFO  TestCases.TC001_IdentifyCourses - -------Enter the first name-------
10:43:53.565 [main] INFO  TestCases.TC001_IdentifyCourses - -------Enter the last name-------
10:43:53.945 [main] INFO  TestCases.TC001_IdentifyCourses - -------Enter the Email address-------
10:43:54.377 [main] INFO  TestCases.TC001_IdentifyCourses - -------Enter the phone number-------
10:43:54.971 [main] INFO  TestCases.TC001_IdentifyCourses - -------Select the institution type-------
10:43:55.780 [main] INFO  TestCases.TC001_IdentifyCourses - -------Enter the institution Name-------
10:43:56.659 [main] INFO  TestCases.TC001_IdentifyCourses - -------Select the job role-------
10:43:58.398 [main] INFO  TestCases.TC001_IdentifyCourses - -------Select the department-------
10:43:59.150 [main] INFO  TestCases.TC001_IdentifyCourses - -------Select the needs -------
10:43:59.689 [main] INFO  TestCases.TC001_IdentifyCourses - -------Select the country-------
10:44:00.002 [main] INFO  TestCases.TC001_IdentifyCourses - -------Click on the checkbox-------
10:50:23.328 [main] INFO  TestCases.TC001_IdentifyCourses - -------Input is given in the InputBox-------
10:50:30.142 [main] INFO  TestCases.TC001_IdentifyCourses - -------The search button is clicked-------
10:50:33.941 [main] INFO  TestCases.TC001_IdentifyCourses - -------Beginner is clicked-------
10:50:36.360 [main] INFO  TestCases.TC001_IdentifyCourses - -------English is clicked-------
10:50:36.429 [main] INFO  TestCases.TC001_IdentifyCourses - -------Current page scrolled to top-------
10:50:40.761 [main] INFO  TestCases.TC001_IdentifyCourses - -------Course1 is clicked-------
10:50:40.843 [main] INFO  TestCases.TC001_IdentifyCourses - -------Current page is directed to child page-------
10:50:54.625 [main] INFO  TestCases.TC001_IdentifyCourses - -------Print the course1 details-------
10:50:54.967 [main] INFO  TestCases.TC001_IdentifyCourses - -------The screenshot is captured-------
10:50:55.167 [main] INFO  TestCases.TC001_IdentifyCourses - -------Again redirect to parent page-------
10:50:56.673 [main] INFO  TestCases.TC001_IdentifyCourses - -------Course2 is clicked-------
10:50:57.466 [main] INFO  TestCases.TC001_IdentifyCourses - -------Current page is directed to child page-------
10:51:04.748 [main] INFO  TestCases.TC001_IdentifyCourses - -------Print the course2 details-------
10:51:05.193 [main] INFO  TestCases.TC001_IdentifyCourses - -------The screenshot is captured-------
10:51:05.495 [main] INFO  TestCases.TC001_IdentifyCourses - -------Again redirect to parent page-------
10:51:06.395 [main] INFO  TestCases.TC001_IdentifyCourses - -------Click the input box-------
10:51:06.741 [main] INFO  TestCases.TC001_IdentifyCourses - -------Clear the input box-------
10:51:08.895 [main] INFO  TestCases.TC001_IdentifyCourses - -------Another input is given to the inputbox-------
10:51:10.802 [main] INFO  TestCases.TC001_IdentifyCourses - -------Click on show more-------
10:51:11.159 [main] INFO  TestCases.TC001_IdentifyCourses - -------Deselect english-------
10:51:15.479 [main] INFO  TestCases.TC001_IdentifyCourses - -------Get all the Languages present-------
10:51:16.126 [main] INFO  TestCases.TC001_IdentifyCourses - -------Click the close button-------
10:51:18.657 [main] INFO  TestCases.TC001_IdentifyCourses - -------Scroll down the page-------
10:51:19.930 [main] INFO  TestCases.TC001_IdentifyCourses - -------Get all the levels present-------
10:51:32.957 [main] INFO  TestCases.TC001_IdentifyCourses - -------Click on homepage-------
10:51:33.776 [main] INFO  TestCases.TC001_IdentifyCourses - -------Scroll down to Coursera-------
10:51:46.459 [main] INFO  TestCases.TC001_IdentifyCourses - -------Click on Enterprise-------
10:51:49.868 [main] INFO  TestCases.TC001_IdentifyCourses - -------Click on Solutions-------
10:51:57.621 [main] INFO  TestCases.TC001_IdentifyCourses - -------Click on Coursera for Campus-------
10:51:57.887 [main] INFO  TestCases.TC001_IdentifyCourses - -------Scroll down to forms-------
10:51:59.883 [main] INFO  TestCases.TC001_IdentifyCourses - -------Enter the first name-------
